#At  time  x  process  y  state  arr  w  total  z  remain  y  wait  k
At  time  3  process  1  started  arr  2  total  20  remain  20  wait  0
At  time  7  process  1  stopped  arr  2  total  20  remain  16  wait  0
At  time  8  process  1  resumed  arr  2  total  20  remain  16  wait  0
At  time  12  process  1  stopped  arr  2  total  20  remain  11  wait  0
At  time  13  process  2  started  arr  11  total  6  remain  6  wait  1
At  time  17  process  2  stopped  arr  11  total  6  remain  2  wait  1
At  time  18  process  1  resumed  arr  2  total  20  remain  11  wait  5
At  time  22  process  1  stopped  arr  2  total  20  remain  6  wait  5
At  time  23  process  2  resumed  arr  11  total  6  remain  2  wait  6
At  time  24  process  2  finished  arr  11  total  6  remain  2  wait  6  TA  13  WTA  2.166667
At  time  24  process  1  resumed  arr  2  total  20  remain  6  wait  6
At  time  28  process  1  stopped  arr  2  total  20  remain  1  wait  6
At  time  29  process  4  started  arr  23  total  8  remain  8  wait  5
At  time  33  process  4  stopped  arr  23  total  8  remain  4  wait  5
At  time  34  process  1  resumed  arr  2  total  20  remain  1  wait  11
At  time  34  process  1  finished  arr  2  total  20  remain  1  wait  11  TA  32  WTA  1.600000
At  time  35  process  4  resumed  arr  23  total  8  remain  4  wait  6
At  time  38  process  4  finished  arr  23  total  8  remain  4  wait  6  TA  15  WTA  1.875000
At  time  39  process  6  started  arr  29  total  21  remain  21  wait  8
