=> snapshot time : 8 <ALLOCATTING> 
(0): 
(1): 
(2): 
(3): 
(4): 
(5): 
(6): 
(7): 
(8): < 256 > [ 0 | 255 ] -> [ 256 | 511 ] -> [ 512 | 767 ] -> [ 768 | 1023 ] -> [NULL]
=> snapshot time : 8 <ALLOCATTING> 
(0): 
(1): 
(2): 
(3): 
(4): 
(5): 
(6): 
(7): 
(8): < 256 > [ 256 | 511 ] -> [ 512 | 767 ] -> [ 768 | 1023 ] -> [NULL]
=> snapshot time : 13 <ALLOCATTING> 
(0): 
(1): 
(2): 
(3): 
(4): 
(5): 
(6): 
(7): 
(8): < 256 > [ 256 | 511 ] -> [ 512 | 767 ] -> [ 768 | 1023 ] -> [NULL]
=> snapshot time : 13 <ALLOCATTING> 
(0): 
(1): 
(2): 
(3): 
(4): 
(5): 
(6): 
(7): 
(8): < 256 > [ 512 | 767 ] -> [ 768 | 1023 ] -> [NULL]
=> snapshot time : 15 <ALLOCATTING> 
(0): 
(1): 
(2): 
(3): 
(4): 
(5): 
(6): 
(7): 
(8): < 256 > [ 512 | 767 ] -> [ 768 | 1023 ] -> [NULL]
=> snapshot time : 15 <ALLOCATTING> 
(0): 
(1): 
(2): 
(3): 
(4): 
(5): 
(6): 
(7): 
(8): < 256 > [ 768 | 1023 ] -> [NULL]
=> snapshot time : 18 <DEALLOCATTING> 
(0): 
(1): 
(2): 
(3): 
(4): 
(5): 
(6): 
(7): 
(8): < 256 > [ 768 | 1023 ] -> [NULL]
=> snapshot time : 18 <DEALLOCATTING> 
(0): 
(1): 
(2): 
(3): 
(4): 
(5): 
(6): 
(7): 
(8): < 256 > [ 0 | 255 ] -> [ 768 | 1023 ] -> [NULL]
=> snapshot time : 19 <ALLOCATTING> 
(0): 
(1): 
(2): 
(3): 
(4): 
(5): 
(6): 
(7): 
(8): < 256 > [ 0 | 255 ] -> [ 768 | 1023 ] -> [NULL]
=> snapshot time : 19 <ALLOCATTING> 
(0): 
(1): 
(2): 
(3): 
(4): 
(5): 
(6): 
(7): 
(8): < 256 > [ 768 | 1023 ] -> [NULL]
=> snapshot time : 25 <ALLOCATTING> 
(0): 
(1): 
(2): 
(3): 
(4): 
(5): 
(6): 
(7): 
(8): < 256 > [ 768 | 1023 ] -> [NULL]
=> snapshot time : 25 <ALLOCATTING> 
(0): 
(1): 
(2): 
(3): 
(4): 
(5): 
(6): 
(7): < 128 > [ 896 | 1023 ] -> [NULL]
(8): 
=> snapshot time : 30 <ALLOCATTING> 
(0): 
(1): 
(2): 
(3): 
(4): 
(5): 
(6): 
(7): < 128 > [ 896 | 1023 ] -> [NULL]
(8): 
=> snapshot time : 36 <DEALLOCATTING> 
(0): 
(1): 
(2): 
(3): 
(4): 
(5): 
(6): 
(7): < 128 > [ 896 | 1023 ] -> [NULL]
(8): 
=> snapshot time : 36 <DEALLOCATTING> 
(0): 
(1): 
(2): 
(3): 
(4): 
(5): 
(6): 
(7): < 128 > [ 896 | 1023 ] -> [NULL]
(8): < 256 > [ 512 | 767 ] -> [NULL]
