#At  time  x  process  y  state  arr  w  total  z  remain  y  wait  k
At  time  9  process  1  started  arr  9  total  14  remain  14  wait  0
At  time  23  process  1  finished  arr  9  total  14  remain  0  wait  0  TA  14  WTA  1.00
At  time  23  process  3  started  arr  23  total  10  remain  10  wait  0
At  time  33  process  3  finished  arr  23  total  10  remain  0  wait  0  TA  10  WTA  1.00
At  time  33  process  4  started  arr  31  total  6  remain  6  wait  2
At  time  39  process  4  finished  arr  31  total  6  remain  0  wait  2  TA  8  WTA  1.33
At  time  39  process  6  started  arr  33  total  22  remain  22  wait  6
At  time  43  process  6  stopped  arr  33  total  22  remain  18  wait  6
At  time  43  process  9  started  arr  43  total  2  remain  2  wait  0
At  time  45  process  9  finished  arr  43  total  2  remain  0  wait  0  TA  2  WTA  1.00
At  time  45  process  6  resumed  arr  33  total  22  remain  18  wait  8
At  time  50  process  6  stopped  arr  33  total  22  remain  13  wait  8
At  time  50  process  11  started  arr  50  total  8  remain  8  wait  0
At  time  53  process  11  stopped  arr  50  total  8  remain  5  wait  0
At  time  53  process  12  started  arr  53  total  1  remain  1  wait  0
At  time  54  process  12  finished  arr  53  total  1  remain  0  wait  0  TA  1  WTA  1.00
At  time  54  process  11  resumed  arr  50  total  8  remain  5  wait  1
At  time  59  process  11  finished  arr  50  total  8  remain  0  wait  1  TA  9  WTA  1.12
At  time  59  process  6  resumed  arr  33  total  22  remain  13  wait  17
At  time  72  process  6  finished  arr  33  total  22  remain  0  wait  17  TA  39  WTA  1.77
At  time  72  process  15  started  arr  68  total  5  remain  5  wait  4
At  time  77  process  15  finished  arr  68  total  5  remain  0  wait  4  TA  9  WTA  1.80
At  time  77  process  2  started  arr  13  total  23  remain  23  wait  64
At  time  78  process  2  stopped  arr  13  total  23  remain  22  wait  64
At  time  78  process  16  started  arr  78  total  11  remain  11  wait  0
At  time  89  process  16  finished  arr  78  total  11  remain  0  wait  0  TA  11  WTA  1.00
At  time  89  process  2  resumed  arr  13  total  23  remain  22  wait  75
At  time  111  process  2  finished  arr  13  total  23  remain  0  wait  75  TA  98  WTA  4.26
At  time  111  process  23  started  arr  105  total  17  remain  17  wait  6
At  time  120  process  23  stopped  arr  105  total  17  remain  8  wait  6
At  time  120  process  26  started  arr  120  total  0  remain  0  wait  0
At  time  120  process  26  finished  arr  120  total  0  remain  0  wait  0  TA  0  WTA  -nan
At  time  121  process  23  resumed  arr  105  total  17  remain  8  wait  7
At  time  129  process  23  finished  arr  105  total  17  remain  0  wait  7  TA  24  WTA  1.41
At  time  129  process  13  started  arr  55  total  23  remain  23  wait  74
At  time  136  process  13  stopped  arr  55  total  23  remain  16  wait  74
At  time  136  process  28  started  arr  136  total  6  remain  6  wait  0
At  time  142  process  28  finished  arr  136  total  6  remain  0  wait  0  TA  6  WTA  1.00
At  time  142  process  13  resumed  arr  55  total  23  remain  16  wait  80
At  time  146  process  13  stopped  arr  55  total  23  remain  12  wait  80
At  time  146  process  29  started  arr  146  total  7  remain  7  wait  0
At  time  153  process  29  finished  arr  146  total  7  remain  0  wait  0  TA  7  WTA  1.00
At  time  153  process  13  resumed  arr  55  total  23  remain  12  wait  87
At  time  165  process  13  finished  arr  55  total  23  remain  0  wait  87  TA  110  WTA  4.78
At  time  165  process  30  started  arr  155  total  20  remain  20  wait  10
At  time  177  process  30  stopped  arr  155  total  20  remain  8  wait  10
At  time  177  process  33  started  arr  177  total  4  remain  4  wait  0
At  time  181  process  33  finished  arr  177  total  4  remain  0  wait  0  TA  4  WTA  1.00
At  time  181  process  30  resumed  arr  155  total  20  remain  8  wait  14
At  time  189  process  30  finished  arr  155  total  20  remain  0  wait  14  TA  34  WTA  1.70
At  time  189  process  35  started  arr  189  total  13  remain  13  wait  0
At  time  202  process  35  finished  arr  189  total  13  remain  0  wait  0  TA  13  WTA  1.00
At  time  202  process  37  started  arr  199  total  12  remain  12  wait  3
At  time  214  process  37  finished  arr  199  total  12  remain  0  wait  3  TA  15  WTA  1.25
At  time  214  process  40  started  arr  207  total  8  remain  8  wait  7
At  time  222  process  40  finished  arr  207  total  8  remain  0  wait  7  TA  15  WTA  1.88
At  time  222  process  41  started  arr  217  total  11  remain  11  wait  5
At  time  231  process  41  stopped  arr  217  total  11  remain  2  wait  5
At  time  231  process  43  started  arr  231  total  0  remain  0  wait  0
At  time  231  process  43  finished  arr  231  total  0  remain  0  wait  0  TA  0  WTA  -nan
At  time  232  process  41  resumed  arr  217  total  11  remain  2  wait  6
At  time  234  process  41  finished  arr  217  total  11  remain  0  wait  6  TA  17  WTA  1.55
At  time  234  process  34  started  arr  184  total  23  remain  23  wait  50
At  time  238  process  34  stopped  arr  184  total  23  remain  19  wait  50
At  time  238  process  44  started  arr  238  total  12  remain  12  wait  0
At  time  250  process  44  finished  arr  238  total  12  remain  0  wait  0  TA  12  WTA  1.00
At  time  250  process  45  started  arr  242  total  11  remain  11  wait  8
At  time  261  process  45  finished  arr  242  total  11  remain  0  wait  8  TA  19  WTA  1.73
At  time  261  process  34  resumed  arr  184  total  23  remain  19  wait  73
At  time  280  process  34  finished  arr  184  total  23  remain  0  wait  73  TA  96  WTA  4.17
At  time  280  process  52  started  arr  280  total  13  remain  13  wait  0
At  time  293  process  52  finished  arr  280  total  13  remain  0  wait  0  TA  13  WTA  1.00
At  time  293  process  53  started  arr  288  total  10  remain  10  wait  5
At  time  303  process  53  finished  arr  288  total  10  remain  0  wait  5  TA  15  WTA  1.50
At  time  303  process  55  started  arr  303  total  13  remain  13  wait  0
At  time  316  process  55  finished  arr  303  total  13  remain  0  wait  0  TA  13  WTA  1.00
At  time  316  process  57  started  arr  310  total  10  remain  10  wait  6
At  time  326  process  57  finished  arr  310  total  10  remain  0  wait  6  TA  16  WTA  1.60
At  time  326  process  56  started  arr  309  total  13  remain  13  wait  17
At  time  339  process  56  finished  arr  309  total  13  remain  0  wait  17  TA  30  WTA  2.31
At  time  339  process  62  started  arr  338  total  3  remain  3  wait  1
At  time  342  process  62  finished  arr  338  total  3  remain  0  wait  1  TA  4  WTA  1.33
At  time  342  process  60  started  arr  332  total  8  remain  8  wait  10
At  time  350  process  60  finished  arr  332  total  8  remain  0  wait  10  TA  18  WTA  2.25
At  time  350  process  64  started  arr  345  total  14  remain  14  wait  5
At  time  355  process  64  stopped  arr  345  total  14  remain  9  wait  5
At  time  355  process  65  started  arr  355  total  2  remain  2  wait  0
At  time  357  process  65  finished  arr  355  total  2  remain  0  wait  0  TA  2  WTA  1.00
At  time  357  process  64  resumed  arr  345  total  14  remain  9  wait  7
At  time  366  process  64  finished  arr  345  total  14  remain  0  wait  7  TA  21  WTA  1.50
At  time  366  process  68  started  arr  362  total  15  remain  15  wait  4
At  time  381  process  68  finished  arr  362  total  15  remain  0  wait  4  TA  19  WTA  1.27
At  time  381  process  70  started  arr  371  total  16  remain  16  wait  10
At  time  397  process  70  finished  arr  371  total  16  remain  0  wait  10  TA  26  WTA  1.62
At  time  397  process  75  started  arr  396  total  10  remain  10  wait  1
At  time  407  process  75  finished  arr  396  total  10  remain  0  wait  1  TA  11  WTA  1.10
At  time  407  process  76  started  arr  402  total  15  remain  15  wait  5
At  time  422  process  76  finished  arr  402  total  15  remain  0  wait  5  TA  20  WTA  1.33
At  time  422  process  78  started  arr  414  total  10  remain  10  wait  8
At  time  432  process  78  finished  arr  414  total  10  remain  0  wait  8  TA  18  WTA  1.80
At  time  432  process  74  started  arr  391  total  18  remain  18  wait  41
At  time  433  process  74  stopped  arr  391  total  18  remain  17  wait  41
At  time  433  process  83  started  arr  433  total  16  remain  16  wait  0
At  time  439  process  83  stopped  arr  433  total  16  remain  10  wait  0
At  time  439  process  84  started  arr  439  total  2  remain  2  wait  0
At  time  441  process  84  finished  arr  439  total  2  remain  0  wait  0  TA  2  WTA  1.00
At  time  441  process  83  resumed  arr  433  total  16  remain  10  wait  2
At  time  442  process  83  stopped  arr  433  total  16  remain  9  wait  2
At  time  442  process  85  started  arr  442  total  1  remain  1  wait  0
At  time  443  process  85  finished  arr  442  total  1  remain  0  wait  0  TA  1  WTA  1.00
At  time  443  process  83  resumed  arr  433  total  16  remain  9  wait  3
At  time  452  process  83  finished  arr  433  total  16  remain  0  wait  3  TA  19  WTA  1.19
At  time  452  process  74  resumed  arr  391  total  18  remain  17  wait  60
At  time  469  process  74  finished  arr  391  total  18  remain  0  wait  60  TA  78  WTA  4.33
At  time  469  process  80  started  arr  419  total  10  remain  10  wait  50
At  time  479  process  80  finished  arr  419  total  10  remain  0  wait  50  TA  60  WTA  6.00
At  time  479  process  54  started  arr  295  total  19  remain  19  wait  184
At  time  498  process  54  finished  arr  295  total  19  remain  0  wait  184  TA  203  WTA  10.68
At  time  498  process  88  started  arr  457  total  21  remain  21  wait  41
At  time  519  process  88  finished  arr  457  total  21  remain  0  wait  41  TA  62  WTA  2.95
At  time  519  process  93  started  arr  491  total  0  remain  0  wait  28
At  time  519  process  93  finished  arr  491  total  0  remain  0  wait  28  TA  28  WTA  inf
At  time  520  process  92  started  arr  487  total  11  remain  11  wait  33
At  time  531  process  92  finished  arr  487  total  11  remain  0  wait  33  TA  44  WTA  4.00
At  time  531  process  99  started  arr  530  total  2  remain  2  wait  1
At  time  533  process  99  finished  arr  530  total  2  remain  0  wait  1  TA  3  WTA  1.50
At  time  533  process  73  started  arr  383  total  22  remain  22  wait  150
At  time  555  process  73  finished  arr  383  total  22  remain  0  wait  150  TA  172  WTA  7.82
At  time  555  process  72  started  arr  381  total  23  remain  23  wait  174
At  time  578  process  72  finished  arr  381  total  23  remain  0  wait  174  TA  197  WTA  8.57
At  time  578  process  5  started  arr  32  total  25  remain  25  wait  546
At  time  603  process  5  finished  arr  32  total  25  remain  0  wait  546  TA  571  WTA  22.84
At  time  603  process  17  started  arr  80  total  25  remain  25  wait  523
At  time  628  process  17  finished  arr  80  total  25  remain  0  wait  523  TA  548  WTA  21.92
At  time  628  process  31  started  arr  161  total  1  remain  1  wait  467
At  time  629  process  31  finished  arr  161  total  1  remain  0  wait  467  TA  468  WTA  468.00
At  time  629  process  49  started  arr  271  total  1  remain  1  wait  358
At  time  630  process  49  finished  arr  271  total  1  remain  0  wait  358  TA  359  WTA  359.00
At  time  630  process  48  started  arr  262  total  2  remain  2  wait  368
At  time  632  process  48  finished  arr  262  total  2  remain  0  wait  368  TA  370  WTA  185.00
At  time  632  process  67  started  arr  362  total  3  remain  3  wait  270
At  time  635  process  67  finished  arr  362  total  3  remain  0  wait  270  TA  273  WTA  91.00
At  time  635  process  100  started  arr  536  total  3  remain  3  wait  99
At  time  638  process  100  finished  arr  536  total  3  remain  0  wait  99  TA  102  WTA  34.00
At  time  638  process  46  started  arr  249  total  4  remain  4  wait  389
At  time  642  process  46  finished  arr  249  total  4  remain  0  wait  389  TA  393  WTA  98.25
At  time  642  process  51  started  arr  273  total  4  remain  4  wait  369
At  time  646  process  51  finished  arr  273  total  4  remain  0  wait  369  TA  373  WTA  93.25
At  time  646  process  50  started  arr  271  total  5  remain  5  wait  375
At  time  651  process  50  finished  arr  271  total  5  remain  0  wait  375  TA  380  WTA  76.00
At  time  651  process  94  started  arr  500  total  5  remain  5  wait  151
At  time  656  process  94  finished  arr  500  total  5  remain  0  wait  151  TA  156  WTA  31.20
At  time  656  process  95  started  arr  508  total  5  remain  5  wait  148
At  time  661  process  95  finished  arr  508  total  5  remain  0  wait  148  TA  153  WTA  30.60
At  time  661  process  98  started  arr  522  total  6  remain  6  wait  139
At  time  667  process  98  finished  arr  522  total  6  remain  0  wait  139  TA  145  WTA  24.17
At  time  667  process  24  started  arr  106  total  7  remain  7  wait  561
At  time  674  process  24  finished  arr  106  total  7  remain  0  wait  561  TA  568  WTA  81.14
At  time  674  process  25  started  arr  115  total  7  remain  7  wait  559
At  time  681  process  25  finished  arr  115  total  7  remain  0  wait  559  TA  566  WTA  80.86
At  time  681  process  38  started  arr  200  total  7  remain  7  wait  481
At  time  688  process  38  finished  arr  200  total  7  remain  0  wait  481  TA  488  WTA  69.71
At  time  688  process  18  started  arr  86  total  9  remain  9  wait  602
At  time  697  process  18  finished  arr  86  total  9  remain  0  wait  602  TA  611  WTA  67.89
At  time  697  process  90  started  arr  469  total  9  remain  9  wait  228
At  time  706  process  90  finished  arr  469  total  9  remain  0  wait  228  TA  237  WTA  26.33
At  time  706  process  82  started  arr  429  total  11  remain  11  wait  277
At  time  717  process  82  finished  arr  429  total  11  remain  0  wait  277  TA  288  WTA  26.18
At  time  717  process  58  started  arr  318  total  12  remain  12  wait  399
At  time  729  process  58  finished  arr  318  total  12  remain  0  wait  399  TA  411  WTA  34.25
At  time  729  process  59  started  arr  323  total  12  remain  12  wait  406
At  time  741  process  59  finished  arr  323  total  12  remain  0  wait  406  TA  418  WTA  34.83
At  time  741  process  96  started  arr  513  total  12  remain  12  wait  228
At  time  753  process  96  finished  arr  513  total  12  remain  0  wait  228  TA  240  WTA  20.00
At  time  753  process  71  started  arr  377  total  14  remain  14  wait  376
At  time  767  process  71  finished  arr  377  total  14  remain  0  wait  376  TA  390  WTA  27.86
At  time  767  process  79  started  arr  418  total  15  remain  15  wait  349
At  time  782  process  79  finished  arr  418  total  15  remain  0  wait  349  TA  364  WTA  24.27
At  time  782  process  63  started  arr  345  total  16  remain  16  wait  437
At  time  798  process  63  finished  arr  345  total  16  remain  0  wait  437  TA  453  WTA  28.31
At  time  798  process  27  started  arr  128  total  17  remain  17  wait  670
At  time  815  process  27  finished  arr  128  total  17  remain  0  wait  670  TA  687  WTA  40.41
At  time  815  process  39  started  arr  204  total  17  remain  17  wait  611
At  time  832  process  39  finished  arr  204  total  17  remain  0  wait  611  TA  628  WTA  36.94
At  time  832  process  77  started  arr  405  total  18  remain  18  wait  427
At  time  850  process  77  finished  arr  405  total  18  remain  0  wait  427  TA  445  WTA  24.72
At  time  850  process  20  started  arr  93  total  18  remain  18  wait  757
At  time  868  process  20  finished  arr  93  total  18  remain  0  wait  757  TA  775  WTA  43.06
At  time  868  process  32  started  arr  170  total  18  remain  18  wait  698
At  time  886  process  32  finished  arr  170  total  18  remain  0  wait  698  TA  716  WTA  39.78
At  time  886  process  36  started  arr  193  total  19  remain  19  wait  693
At  time  905  process  36  finished  arr  193  total  19  remain  0  wait  693  TA  712  WTA  37.47
At  time  905  process  61  started  arr  338  total  19  remain  19  wait  567
At  time  924  process  61  finished  arr  338  total  19  remain  0  wait  567  TA  586  WTA  30.84
At  time  924  process  42  started  arr  226  total  20  remain  20  wait  698
At  time  944  process  42  finished  arr  226  total  20  remain  0  wait  698  TA  718  WTA  35.90
At  time  944  process  14  started  arr  60  total  24  remain  24  wait  884
At  time  968  process  14  finished  arr  60  total  24  remain  0  wait  884  TA  908  WTA  37.83
At  time  968  process  69  started  arr  369  total  24  remain  24  wait  599
At  time  992  process  69  finished  arr  369  total  24  remain  0  wait  599  TA  623  WTA  25.96
At  time  992  process  97  started  arr  519  total  25  remain  25  wait  473
At  time  1017  process  97  finished  arr  519  total  25  remain  0  wait  473  TA  498  WTA  19.92
At  time  1017  process  19  started  arr  86  total  25  remain  25  wait  931
At  time  1042  process  19  finished  arr  86  total  25  remain  0  wait  931  TA  956  WTA  38.24
At  time  1042  process  81  started  arr  428  total  25  remain  25  wait  614
At  time  1067  process  81  finished  arr  428  total  25  remain  0  wait  614  TA  639  WTA  25.56
At  time  1067  process  89  started  arr  467  total  25  remain  25  wait  600
At  time  1092  process  89  finished  arr  467  total  25  remain  0  wait  600  TA  625  WTA  25.00
At  time  1092  process  86  started  arr  451  total  26  remain  26  wait  641
At  time  1118  process  86  finished  arr  451  total  26  remain  0  wait  641  TA  667  WTA  25.65
At  time  1118  process  66  started  arr  359  total  26  remain  26  wait  759
At  time  1144  process  66  finished  arr  359  total  26  remain  0  wait  759  TA  785  WTA  30.19
At  time  1144  process  91  started  arr  479  total  26  remain  26  wait  665
At  time  1170  process  91  finished  arr  479  total  26  remain  0  wait  665  TA  691  WTA  26.58
At  time  1170  process  7  started  arr  41  total  27  remain  27  wait  1129
At  time  1197  process  7  finished  arr  41  total  27  remain  0  wait  1129  TA  1156  WTA  42.81
At  time  1197  process  8  started  arr  43  total  27  remain  27  wait  1154
At  time  1224  process  8  finished  arr  43  total  27  remain  0  wait  1154  TA  1181  WTA  43.74
At  time  1224  process  10  started  arr  49  total  27  remain  27  wait  1175
At  time  1251  process  10  finished  arr  49  total  27  remain  0  wait  1175  TA  1202  WTA  44.52
At  time  1251  process  21  started  arr  103  total  27  remain  27  wait  1148
At  time  1278  process  21  finished  arr  103  total  27  remain  0  wait  1148  TA  1175  WTA  43.52
At  time  1278  process  47  started  arr  255  total  27  remain  27  wait  1023
At  time  1305  process  47  finished  arr  255  total  27  remain  0  wait  1023  TA  1050  WTA  38.89
At  time  1305  process  87  started  arr  457  total  27  remain  27  wait  848
At  time  1332  process  87  finished  arr  457  total  27  remain  0  wait  848  TA  875  WTA  32.41
At  time  1332  process  22  started  arr  103  total  28  remain  28  wait  1229
At  time  1360  process  22  finished  arr  103  total  28  remain  0  wait  1229  TA  1257  WTA  44.89
